<?xml version="1.0" encoding="UTF-8"?>
<robot generator="Robot 3.1.1 (Python 3.7.4 on win32)" generated="20190925 16:02:22.333" rpa="false">
<suite id="s1" name="Amazon" source="D:\Workspaces\Eclipse\Recap_Again\Amazon\Tests\Amazon.robot">
<kw name="Insert testing data" library="Common" type="setup">
<kw name="Log" library="BuiltIn">
<doc>Logs the given message with the given level.</doc>
<arguments>
<arg>Adding testing data</arg>
</arguments>
<msg timestamp="20190925 16:02:22.484" level="INFO">Adding testing data</msg>
<status status="PASS" starttime="20190925 16:02:22.483" endtime="20190925 16:02:22.484"></status>
</kw>
<status status="PASS" starttime="20190925 16:02:22.483" endtime="20190925 16:02:22.484"></status>
</kw>
<test id="s1-t1" name="User must sign in to check out">
<kw name="Begin web test" library="Common" type="setup">
<kw name="Open Browser" library="SeleniumLibrary">
<doc>Opens a new browser instance to the given ``url``.</doc>
<arguments>
<arg>about:blank</arg>
<arg>chrome</arg>
</arguments>
<msg timestamp="20190925 16:02:22.485" level="INFO">Opening browser 'chrome' to base url 'about:blank'.</msg>
<status status="PASS" starttime="20190925 16:02:22.484" endtime="20190925 16:02:27.537"></status>
</kw>
<status status="PASS" starttime="20190925 16:02:22.484" endtime="20190925 16:02:27.537"></status>
</kw>
<kw name="Search for products" library="AmazonUI">
<kw name="Load" library="LandingPage">
<kw name="Go To" library="SeleniumLibrary">
<doc>Navigates the active browser instance to the provided ``url``.</doc>
<arguments>
<arg>http://www.amazon.com</arg>
</arguments>
<msg timestamp="20190925 16:02:27.538" level="INFO">Opening url 'http://www.amazon.com'</msg>
<status status="PASS" starttime="20190925 16:02:27.538" endtime="20190925 16:02:28.789"></status>
</kw>
<status status="PASS" starttime="20190925 16:02:27.538" endtime="20190925 16:02:28.789"></status>
</kw>
<kw name="Verify page is loaded" library="LandingPage">
<kw name="Wait Until Page Contains" library="SeleniumLibrary">
<doc>Waits until ``text`` appears on current page.</doc>
<arguments>
<arg>Your Amazon.com</arg>
</arguments>
<status status="PASS" starttime="20190925 16:02:28.790" endtime="20190925 16:02:28.818"></status>
</kw>
<status status="PASS" starttime="20190925 16:02:28.789" endtime="20190925 16:02:28.818"></status>
</kw>
<kw name="Search for product" library="TopNav">
<kw name="Enter search term" library="TopNav">
<kw name="Input Text" library="SeleniumLibrary">
<doc>Types the given ``text`` into text field identified by ``locator``.</doc>
<arguments>
<arg>id=twotabsearchtextbox</arg>
<arg>Stravaganza 1</arg>
</arguments>
<msg timestamp="20190925 16:02:28.819" level="INFO">Typing text 'Stravaganza 1' into text field 'id=twotabsearchtextbox'.</msg>
<status status="PASS" starttime="20190925 16:02:28.819" endtime="20190925 16:02:28.977"></status>
</kw>
<status status="PASS" starttime="20190925 16:02:28.818" endtime="20190925 16:02:28.978"></status>
</kw>
<kw name="Submit search" library="TopNav">
<kw name="Click Button" library="SeleniumLibrary">
<doc>Clicks button identified by ``locator``.</doc>
<arguments>
<arg>//input[@value='Go']</arg>
</arguments>
<msg timestamp="20190925 16:02:28.978" level="INFO">Clicking button '//input[@value='Go']'.</msg>
<status status="PASS" starttime="20190925 16:02:28.978" endtime="20190925 16:02:30.521"></status>
</kw>
<status status="PASS" starttime="20190925 16:02:28.978" endtime="20190925 16:02:30.521"></status>
</kw>
<status status="PASS" starttime="20190925 16:02:28.818" endtime="20190925 16:02:30.521"></status>
</kw>
<kw name="Verify seach completed" library="SearchResult">
<kw name="Wait Until Page Contains" library="SeleniumLibrary">
<doc>Waits until ``text`` appears on current page.</doc>
<arguments>
<arg>results for "Stravaganza 1"</arg>
</arguments>
<status status="PASS" starttime="20190925 16:02:30.522" endtime="20190925 16:02:30.546"></status>
</kw>
<status status="PASS" starttime="20190925 16:02:30.521" endtime="20190925 16:02:30.546"></status>
</kw>
<status status="PASS" starttime="20190925 16:02:27.538" endtime="20190925 16:02:30.546"></status>
</kw>
<kw name="Select product from search result" library="AmazonUI">
<kw name="Click product link" library="SearchResult">
<kw name="Click Element" library="SeleniumLibrary">
<doc>Click element identified by ``locator``.</doc>
<arguments>
<arg>//span[contains(text(),'Stravaganza Volume 1 (Stravaganza, The Queen in th')]</arg>
</arguments>
<msg timestamp="20190925 16:02:30.547" level="INFO">Clicking element '//span[contains(text(),'Stravaganza Volume 1 (Stravaganza, The Queen in th')]'.</msg>
<status status="PASS" starttime="20190925 16:02:30.547" endtime="20190925 16:02:32.287"></status>
</kw>
<status status="PASS" starttime="20190925 16:02:30.547" endtime="20190925 16:02:32.287"></status>
</kw>
<kw name="Verify product page" library="Product">
<kw name="Wait Until Page Contains" library="SeleniumLibrary">
<doc>Waits until ``text`` appears on current page.</doc>
<arguments>
<arg>Back to results</arg>
</arguments>
<status status="PASS" starttime="20190925 16:02:32.288" endtime="20190925 16:02:32.304"></status>
</kw>
<status status="PASS" starttime="20190925 16:02:32.287" endtime="20190925 16:02:32.304"></status>
</kw>
<status status="PASS" starttime="20190925 16:02:30.547" endtime="20190925 16:02:32.304"></status>
</kw>
<kw name="Add product to cart" library="AmazonUI">
<kw name="Add to cart" library="Product">
<kw name="Click Button" library="SeleniumLibrary">
<doc>Clicks button identified by ``locator``.</doc>
<arguments>
<arg>//input[@id='add-to-cart-button']</arg>
</arguments>
<msg timestamp="20190925 16:02:32.306" level="INFO">Clicking button '//input[@id='add-to-cart-button']'.</msg>
<status status="PASS" starttime="20190925 16:02:32.305" endtime="20190925 16:02:33.210"></status>
</kw>
<status status="PASS" starttime="20190925 16:02:32.305" endtime="20190925 16:02:33.210"></status>
</kw>
<kw name="Verify product added to cart" library="Cart">
<kw name="Wait Until Page Contains" library="SeleniumLibrary">
<doc>Waits until ``text`` appears on current page.</doc>
<arguments>
<arg>Added to Cart</arg>
</arguments>
<status status="PASS" starttime="20190925 16:02:33.210" endtime="20190925 16:02:33.224"></status>
</kw>
<status status="PASS" starttime="20190925 16:02:33.210" endtime="20190925 16:02:33.224"></status>
</kw>
<status status="PASS" starttime="20190925 16:02:32.305" endtime="20190925 16:02:33.224"></status>
</kw>
<kw name="Begin checkout" library="AmazonUI">
<kw name="Proceed to checkout" library="Cart">
<kw name="Click Link" library="SeleniumLibrary">
<doc>Clicks a link identified by ``locator``.</doc>
<arguments>
<arg>//a[contains(text(),'Proceed to checkout (1 item)')]</arg>
</arguments>
<msg timestamp="20190925 16:02:33.225" level="INFO">Clicking link '//a[contains(text(),'Proceed to checkout (1 item)')]'.</msg>
<status status="PASS" starttime="20190925 16:02:33.225" endtime="20190925 16:02:34.164"></status>
</kw>
<status status="PASS" starttime="20190925 16:02:33.225" endtime="20190925 16:02:34.164"></status>
</kw>
<kw name="Verify sign-in page loaded" library="SignIn">
<kw name="Page Should Contain" library="SeleniumLibrary">
<doc>Verifies that current page contains ``text``.</doc>
<arguments>
<arg>Sign-In</arg>
</arguments>
<msg timestamp="20190925 16:02:34.177" level="INFO">Current page contains text 'Sign-In'.</msg>
<status status="PASS" starttime="20190925 16:02:34.165" endtime="20190925 16:02:34.178"></status>
</kw>
<status status="PASS" starttime="20190925 16:02:34.164" endtime="20190925 16:02:34.178"></status>
</kw>
<status status="PASS" starttime="20190925 16:02:33.225" endtime="20190925 16:02:34.178"></status>
</kw>
<kw name="End web test" library="Common" type="teardown">
<kw name="Close Browser" library="SeleniumLibrary">
<doc>Closes the current browser.</doc>
<status status="PASS" starttime="20190925 16:02:34.178" endtime="20190925 16:02:36.274"></status>
</kw>
<status status="PASS" starttime="20190925 16:02:34.178" endtime="20190925 16:02:36.274"></status>
</kw>
<doc>This is some basic information about the test</doc>
<tags>
<tag>Smoke</tag>
</tags>
<status status="PASS" starttime="20190925 16:02:22.484" endtime="20190925 16:02:36.274" critical="yes"></status>
</test>
<kw name="Remove testing data" library="Common" type="teardown">
<kw name="Log" library="BuiltIn">
<doc>Logs the given message with the given level.</doc>
<arguments>
<arg>Removing testing data</arg>
</arguments>
<msg timestamp="20190925 16:02:36.276" level="INFO">Removing testing data</msg>
<status status="PASS" starttime="20190925 16:02:36.276" endtime="20190925 16:02:36.276"></status>
</kw>
<status status="PASS" starttime="20190925 16:02:36.276" endtime="20190925 16:02:36.276"></status>
</kw>
<doc>This is some basic about the test suite</doc>
<status status="PASS" starttime="20190925 16:02:22.334" endtime="20190925 16:02:36.276"></status>
</suite>
<statistics>
<total>
<stat pass="1" fail="0">Critical Tests</stat>
<stat pass="1" fail="0">All Tests</stat>
</total>
<tag>
<stat pass="1" fail="0">Smoke</stat>
</tag>
<suite>
<stat pass="1" fail="0" id="s1" name="Amazon">Amazon</stat>
</suite>
</statistics>
<errors>
</errors>
</robot>
