<?xml version="1.0" encoding="UTF-8"?>
<robot generator="Robot 3.1.1 (Python 3.7.4 on win32)" generated="20190927 15:10:00.379" rpa="false">
<suite id="s1" name="Amazon" source="D:\Git\github\Robocap\Robocap\Amazon\Tests\Amazon.robot">
<kw name="Insert testing data" library="Common" type="setup">
<kw name="Log" library="BuiltIn">
<doc>Logs the given message with the given level.</doc>
<arguments>
<arg>Adding testing data</arg>
</arguments>
<msg timestamp="20190927 15:10:00.527" level="INFO">Adding testing data</msg>
<status status="PASS" starttime="20190927 15:10:00.527" endtime="20190927 15:10:00.527"></status>
</kw>
<status status="PASS" starttime="20190927 15:10:00.527" endtime="20190927 15:10:00.527"></status>
</kw>
<test id="s1-t1" name="User must sign in to check out">
<kw name="Begin web test" library="Common" type="setup">
<kw name="Open Browser" library="SeleniumLibrary">
<doc>Opens a new browser instance to the given ``url``.</doc>
<arguments>
<arg>about:blank</arg>
<arg>${BROWSER}</arg>
</arguments>
<msg timestamp="20190927 15:10:00.528" level="INFO">Opening browser 'chrome' to base url 'about:blank'.</msg>
<status status="PASS" starttime="20190927 15:10:00.528" endtime="20190927 15:10:05.611"></status>
</kw>
<status status="PASS" starttime="20190927 15:10:00.528" endtime="20190927 15:10:05.611"></status>
</kw>
<kw name="Search for products" library="AmazonUI">
<kw name="Load" library="LandingPage">
<kw name="Go To" library="SeleniumLibrary">
<doc>Navigates the active browser instance to the provided ``url``.</doc>
<arguments>
<arg>${START_URL}</arg>
</arguments>
<msg timestamp="20190927 15:10:05.612" level="INFO">Opening url 'http://www.amazon.com'</msg>
<status status="PASS" starttime="20190927 15:10:05.612" endtime="20190927 15:10:06.872"></status>
</kw>
<status status="PASS" starttime="20190927 15:10:05.611" endtime="20190927 15:10:06.872"></status>
</kw>
<kw name="Verify page is loaded" library="LandingPage">
<kw name="Wait Until Page Contains" library="SeleniumLibrary">
<doc>Waits until ``text`` appears on current page.</doc>
<arguments>
<arg>${LANDING_PAGE_LINK}</arg>
</arguments>
<status status="PASS" starttime="20190927 15:10:06.873" endtime="20190927 15:10:06.895"></status>
</kw>
<status status="PASS" starttime="20190927 15:10:06.873" endtime="20190927 15:10:06.895"></status>
</kw>
<kw name="Search for product" library="TopNav">
<kw name="Enter search term" library="TopNav">
<kw name="Input Text" library="SeleniumLibrary">
<doc>Types the given ``text`` into text field identified by ``locator``.</doc>
<arguments>
<arg>${TOPNAV_SEARCHFIELD}</arg>
<arg>${SEARCH_TERM}</arg>
</arguments>
<msg timestamp="20190927 15:10:06.896" level="INFO">Typing text 'APOSIMZ, volume 1' into text field 'id=twotabsearchtextbox'.</msg>
<status status="PASS" starttime="20190927 15:10:06.896" endtime="20190927 15:10:07.084"></status>
</kw>
<status status="PASS" starttime="20190927 15:10:06.895" endtime="20190927 15:10:07.084"></status>
</kw>
<kw name="Submit search" library="TopNav">
<kw name="Click Button" library="SeleniumLibrary">
<doc>Clicks button identified by ``locator``.</doc>
<arguments>
<arg>${TOPNAV_SEARCH_BUTTON}</arg>
</arguments>
<msg timestamp="20190927 15:10:07.085" level="INFO">Clicking button '//input[@value='Go']'.</msg>
<status status="PASS" starttime="20190927 15:10:07.084" endtime="20190927 15:10:08.765"></status>
</kw>
<status status="PASS" starttime="20190927 15:10:07.084" endtime="20190927 15:10:08.765"></status>
</kw>
<status status="PASS" starttime="20190927 15:10:06.895" endtime="20190927 15:10:08.765"></status>
</kw>
<kw name="Verify seach completed" library="SearchResult">
<kw name="Wait Until Page Contains" library="SeleniumLibrary">
<doc>Waits until ``text`` appears on current page.</doc>
<arguments>
<arg>${SEARCH_RESULT_TEXT}</arg>
</arguments>
<status status="PASS" starttime="20190927 15:10:08.765" endtime="20190927 15:10:08.790"></status>
</kw>
<status status="PASS" starttime="20190927 15:10:08.765" endtime="20190927 15:10:08.790"></status>
</kw>
<status status="PASS" starttime="20190927 15:10:05.611" endtime="20190927 15:10:08.790"></status>
</kw>
<kw name="Select product from search result" library="AmazonUI">
<kw name="Click product link" library="SearchResult">
<kw name="Click Element" library="SeleniumLibrary">
<doc>Click element identified by ``locator``.</doc>
<arguments>
<arg>${SEARCH_RESULT_ITEM}</arg>
</arguments>
<msg timestamp="20190927 15:10:08.791" level="INFO">Clicking element '//a[contains(text(),'APOSIMZ, volume 1')]'.</msg>
<kw name="Capture Page Screenshot" library="SeleniumLibrary">
<doc>Takes screenshot of the current page and embeds it into log file.</doc>
<msg timestamp="20190927 15:10:09.345" level="INFO" html="yes">&lt;/td&gt;&lt;/tr&gt;&lt;tr&gt;&lt;td colspan="3"&gt;&lt;a href="selenium-screenshot-4.png"&gt;&lt;img src="selenium-screenshot-4.png" width="800px"&gt;&lt;/a&gt;</msg>
<status status="PASS" starttime="20190927 15:10:08.800" endtime="20190927 15:10:09.345"></status>
</kw>
<msg timestamp="20190927 15:10:09.346" level="FAIL">Element with locator '//a[contains(text(),'APOSIMZ, volume 1')]' not found.</msg>
<status status="FAIL" starttime="20190927 15:10:08.791" endtime="20190927 15:10:09.346"></status>
</kw>
<status status="FAIL" starttime="20190927 15:10:08.791" endtime="20190927 15:10:09.346"></status>
</kw>
<status status="FAIL" starttime="20190927 15:10:08.790" endtime="20190927 15:10:09.347"></status>
</kw>
<kw name="End web test" library="Common" type="teardown">
<kw name="Close Browser" library="SeleniumLibrary">
<doc>Closes the current browser.</doc>
<status status="PASS" starttime="20190927 15:10:09.348" endtime="20190927 15:10:11.438"></status>
</kw>
<status status="PASS" starttime="20190927 15:10:09.347" endtime="20190927 15:10:11.438"></status>
</kw>
<doc>This is some basic information about the test</doc>
<tags>
<tag>Smoke</tag>
</tags>
<status status="FAIL" starttime="20190927 15:10:00.527" endtime="20190927 15:10:11.438" critical="yes">Element with locator '//a[contains(text(),'APOSIMZ, volume 1')]' not found.</status>
</test>
<kw name="Remove testing data" library="Common" type="teardown">
<kw name="Log" library="BuiltIn">
<doc>Logs the given message with the given level.</doc>
<arguments>
<arg>Removing testing data</arg>
</arguments>
<msg timestamp="20190927 15:10:11.440" level="INFO">Removing testing data</msg>
<status status="PASS" starttime="20190927 15:10:11.440" endtime="20190927 15:10:11.440"></status>
</kw>
<status status="PASS" starttime="20190927 15:10:11.440" endtime="20190927 15:10:11.440"></status>
</kw>
<doc>This is some basic about the test suite</doc>
<status status="FAIL" starttime="20190927 15:10:00.380" endtime="20190927 15:10:11.440"></status>
</suite>
<statistics>
<total>
<stat pass="0" fail="1">Critical Tests</stat>
<stat pass="0" fail="1">All Tests</stat>
</total>
<tag>
<stat pass="0" fail="1">Smoke</stat>
</tag>
<suite>
<stat pass="0" fail="1" id="s1" name="Amazon">Amazon</stat>
</suite>
</statistics>
<errors>
</errors>
</robot>
