<?xml version="1.0" encoding="UTF-8"?>
<robot generator="Robot 3.1.1 (Python 3.7.4 on win32)" generated="20191216 18:40:03.423" rpa="false">
<suite id="s1" name="End To End" source="D:\Git\github\Robocap\Robocap\End_to_end\Tests\EndToEnd\End_To_End.robot">
<test id="s1-t1" name="Should be able to access to both sites">
<kw name="Begin Web Test" library="CommonWeb" type="setup">
<kw name="Open Browser" library="SeleniumLibrary">
<doc>Opens a new browser instance to the given ``url``.</doc>
<arguments>
<arg>about:blank</arg>
<arg>${BROWSER}</arg>
</arguments>
<msg timestamp="20191216 18:40:03.575" level="INFO">Opening browser 'chrome' to base url 'about:blank'.</msg>
<status status="PASS" starttime="20191216 18:40:03.575" endtime="20191216 18:40:08.630"></status>
</kw>
<status status="PASS" starttime="20191216 18:40:03.574" endtime="20191216 18:40:08.630"></status>
</kw>
<kw name="Go to Landing Page" library="FrontOfficeApp">
<kw name="Navigate To" library="FrontOffice.Landing">
<kw name="Go To" library="SeleniumLibrary">
<doc>Navigates the active browser instance to the provided ``url``.</doc>
<arguments>
<arg>${FRONT_OFFICE_URL}</arg>
</arguments>
<msg timestamp="20191216 18:40:08.631" level="INFO">Opening url 'http://www.robotframeworktutorial.com/front-office'</msg>
<status status="PASS" starttime="20191216 18:40:08.631" endtime="20191216 18:40:12.381"></status>
</kw>
<status status="PASS" starttime="20191216 18:40:08.631" endtime="20191216 18:40:12.381"></status>
</kw>
<kw name="Verify Page Loaded" library="FrontOffice.Landing">
<kw name="Wait Until Page Contains Element" library="SeleniumLibrary">
<doc>Waits until element ``locator`` appears on current page.</doc>
<arguments>
<arg>${LANDING_NAVIGATION_ELEMENT}</arg>
</arguments>
<status status="PASS" starttime="20191216 18:40:12.381" endtime="20191216 18:40:12.392"></status>
</kw>
<status status="PASS" starttime="20191216 18:40:12.381" endtime="20191216 18:40:12.392"></status>
</kw>
<status status="PASS" starttime="20191216 18:40:08.631" endtime="20191216 18:40:12.392"></status>
</kw>
<kw name="Go to Landing Page" library="BackOfficeApp">
<kw name="Navigate To" library="BackOffice.Landing">
<kw name="Go To" library="SeleniumLibrary">
<doc>Navigates the active browser instance to the provided ``url``.</doc>
<arguments>
<arg>${BACK_OFFICE_URL}</arg>
</arguments>
<msg timestamp="20191216 18:40:12.393" level="INFO">Opening url 'http://www.robotframeworktutorial.com/back-office'</msg>
<status status="PASS" starttime="20191216 18:40:12.393" endtime="20191216 18:40:13.534"></status>
</kw>
<status status="PASS" starttime="20191216 18:40:12.393" endtime="20191216 18:40:13.534"></status>
</kw>
<status status="PASS" starttime="20191216 18:40:12.393" endtime="20191216 18:40:13.534"></status>
</kw>
<kw name="End Web Test" library="CommonWeb" type="teardown">
<kw name="Close All Browsers" library="SeleniumLibrary">
<doc>Closes all open browsers and resets the browser cache.</doc>
<status status="PASS" starttime="20191216 18:40:13.535" endtime="20191216 18:40:15.632"></status>
</kw>
<status status="PASS" starttime="20191216 18:40:13.534" endtime="20191216 18:40:15.632"></status>
</kw>
<doc>This is test 1</doc>
<tags>
<tag>test1</tag>
</tags>
<status status="PASS" starttime="20191216 18:40:03.574" endtime="20191216 18:40:15.632" critical="yes"></status>
</test>
<doc>This is my end to end suite</doc>
<status status="PASS" starttime="20191216 18:40:03.424" endtime="20191216 18:40:15.634"></status>
</suite>
<statistics>
<total>
<stat pass="1" fail="0">Critical Tests</stat>
<stat pass="1" fail="0">All Tests</stat>
</total>
<tag>
<stat pass="1" fail="0">test1</stat>
</tag>
<suite>
<stat pass="1" fail="0" id="s1" name="End To End">End To End</stat>
</suite>
</statistics>
<errors>
</errors>
</robot>
