<?xml version="1.0" encoding="UTF-8"?>
<robot generator="Robot 3.1.1 (Python 3.7.4 on win32)" generated="20200212 10:13:56.726" rpa="false">
<suite id="s1" name="WhiteLibrary training" source="D:\Git\github\Robocap\Robocap\WhiteLibrary_training\WhiteLibrary_training.robot">
<test id="s1-t1" name="Notepad demo">
<kw name="Automation">
<kw name="Launch Application" library="WhiteLibrary">
<doc>Launches an application.</doc>
<arguments>
<arg>notepad.exe</arg>
</arguments>
<status status="PASS" starttime="20200212 10:13:57.032" endtime="20200212 10:13:57.135"></status>
</kw>
<kw name="Attach Window" library="WhiteLibrary">
<doc>Attaches WhiteLibrary to a window.</doc>
<arguments>
<arg>Untitled - Notepad</arg>
</arguments>
<status status="PASS" starttime="20200212 10:13:57.135" endtime="20200212 10:13:57.208"></status>
</kw>
<kw name="Input Text To Textbox" library="WhiteLibrary">
<doc>Writes text to a textbox.</doc>
<arguments>
<arg>id:15</arg>
<arg>${data}</arg>
</arguments>
<status status="PASS" starttime="20200212 10:13:57.208" endtime="20200212 10:13:57.422"></status>
</kw>
<kw name="Click Menu Button" library="WhiteLibrary">
<doc>Clicks a menu button.</doc>
<arguments>
<arg>text:Edit</arg>
</arguments>
<status status="PASS" starttime="20200212 10:13:57.423" endtime="20200212 10:13:57.511"></status>
</kw>
<kw name="Click Menu Button" library="WhiteLibrary">
<doc>Clicks a menu button.</doc>
<arguments>
<arg>text:Select All</arg>
</arguments>
<status status="PASS" starttime="20200212 10:13:57.511" endtime="20200212 10:13:57.572"></status>
</kw>
<kw name="Click Menu Button" library="WhiteLibrary">
<doc>Clicks a menu button.</doc>
<arguments>
<arg>text:File</arg>
</arguments>
<status status="PASS" starttime="20200212 10:13:57.573" endtime="20200212 10:13:57.609"></status>
</kw>
<kw name="Click Menu Button" library="WhiteLibrary">
<doc>Clicks a menu button.</doc>
<arguments>
<arg>text:Save</arg>
</arguments>
<status status="PASS" starttime="20200212 10:13:57.609" endtime="20200212 10:13:58.333"></status>
</kw>
<kw name="Input Text To Textbox" library="WhiteLibrary">
<doc>Writes text to a textbox.</doc>
<arguments>
<arg>id:1001</arg>
<arg>${file_name}</arg>
</arguments>
<status status="PASS" starttime="20200212 10:13:58.333" endtime="20200212 10:13:58.591"></status>
</kw>
<kw name="Click Button" library="WhiteLibrary">
<doc>Clicks a button.</doc>
<arguments>
<arg>id:1</arg>
</arguments>
<status status="PASS" starttime="20200212 10:13:58.592" endtime="20200212 10:13:58.973"></status>
</kw>
<status status="PASS" starttime="20200212 10:13:57.032" endtime="20200212 10:13:58.974"></status>
</kw>
<status status="PASS" starttime="20200212 10:13:57.032" endtime="20200212 10:13:58.974" critical="yes"></status>
</test>
<status status="PASS" starttime="20200212 10:13:56.727" endtime="20200212 10:13:58.974"></status>
</suite>
<statistics>
<total>
<stat pass="1" fail="0">Critical Tests</stat>
<stat pass="1" fail="0">All Tests</stat>
</total>
<tag>
</tag>
<suite>
<stat pass="1" fail="0" id="s1" name="WhiteLibrary training">WhiteLibrary training</stat>
</suite>
</statistics>
<errors>
</errors>
</robot>
