<?xml version="1.0" encoding="UTF-8"?>
<robot generator="Robot 3.1.1 (Python 3.7.4 on win32)" generated="20191216 16:54:32.886" rpa="false">
<suite id="s1" name="Front Office" source="D:\Git\github\Robocap\Robocap\End_to_end\Tests\FrontOffice\Front_Office.robot">
<test id="s1-t1" name="Should be able to access &quot;Team&quot; page">
<kw name="Begin Web Test" library="CommonWeb" type="setup">
<kw name="Open Browser" library="SeleniumLibrary">
<doc>Opens a new browser instance to the given ``url``.</doc>
<arguments>
<arg>about:blank</arg>
<arg>${BROWSER}</arg>
</arguments>
<msg timestamp="20191216 16:54:33.051" level="INFO">Opening browser 'chrome' to base url 'about:blank'.</msg>
<status status="PASS" starttime="20191216 16:54:33.051" endtime="20191216 16:54:38.145"></status>
</kw>
<status status="PASS" starttime="20191216 16:54:33.050" endtime="20191216 16:54:38.145"></status>
</kw>
<kw name="Go to Landing Page" library="FrontOfficeApp">
<kw name="Navigate To" library="Landing">
<kw name="Go To" library="SeleniumLibrary">
<doc>Navigates the active browser instance to the provided ``url``.</doc>
<arguments>
<arg>${URL}</arg>
</arguments>
<msg timestamp="20191216 16:54:38.146" level="INFO">Opening url 'http://www.robotframeworktutorial.com/front-office'</msg>
<status status="PASS" starttime="20191216 16:54:38.146" endtime="20191216 16:54:42.328"></status>
</kw>
<status status="PASS" starttime="20191216 16:54:38.146" endtime="20191216 16:54:42.328"></status>
</kw>
<kw name="Verify Page Loaded" library="Landing">
<kw name="Wait Until Page Contains Element" library="SeleniumLibrary">
<doc>Waits until element ``locator`` appears on current page.</doc>
<arguments>
<arg>${LANDING_NAVIGATION_ELEMENT}</arg>
</arguments>
<status status="PASS" starttime="20191216 16:54:42.329" endtime="20191216 16:54:42.341"></status>
</kw>
<status status="PASS" starttime="20191216 16:54:42.328" endtime="20191216 16:54:42.341"></status>
</kw>
<status status="PASS" starttime="20191216 16:54:38.146" endtime="20191216 16:54:42.341"></status>
</kw>
<kw name="Go to &quot;Team&quot; Page" library="FrontOfficeApp">
<kw name="Select &quot;Team&quot; Page" library="TopNav">
<kw name="Click Element" library="SeleniumLibrary">
<doc>Click element identified by ``locator``.</doc>
<arguments>
<arg>${TOP_NAV_TEAM_LINK}</arg>
</arguments>
<msg timestamp="20191216 16:54:42.342" level="INFO">Clicking element 'css=#bs-example-navbar-collapse-1 &gt; ul &gt; li:nth-child(5) &gt; a'.</msg>
<status status="PASS" starttime="20191216 16:54:42.342" endtime="20191216 16:54:42.403"></status>
</kw>
<kw name="Sleep" library="BuiltIn">
<doc>Pauses the test executed for the given time.</doc>
<arguments>
<arg>3s</arg>
</arguments>
<msg timestamp="20191216 16:54:45.404" level="INFO">Slept 3 seconds</msg>
<status status="PASS" starttime="20191216 16:54:42.403" endtime="20191216 16:54:45.404"></status>
</kw>
<status status="PASS" starttime="20191216 16:54:42.342" endtime="20191216 16:54:45.404"></status>
</kw>
<kw name="Verify Page Loaded" library="Team">
<kw name="Wait Until Page Contains Element" library="SeleniumLibrary">
<doc>Waits until element ``locator`` appears on current page.</doc>
<arguments>
<arg>${TEAM_HEADER_LABEL}</arg>
</arguments>
<status status="PASS" starttime="20191216 16:54:45.404" endtime="20191216 16:54:45.418"></status>
</kw>
<status status="PASS" starttime="20191216 16:54:45.404" endtime="20191216 16:54:45.418"></status>
</kw>
<status status="PASS" starttime="20191216 16:54:42.342" endtime="20191216 16:54:45.418"></status>
</kw>
<kw name="End Web Test" library="CommonWeb" type="teardown">
<kw name="Close All Browsers" library="SeleniumLibrary">
<doc>Closes all open browsers and resets the browser cache.</doc>
<status status="PASS" starttime="20191216 16:54:45.419" endtime="20191216 16:54:47.529"></status>
</kw>
<status status="PASS" starttime="20191216 16:54:45.419" endtime="20191216 16:54:47.529"></status>
</kw>
<doc>This is test 1</doc>
<tags>
<tag>test1</tag>
</tags>
<status status="PASS" starttime="20191216 16:54:33.050" endtime="20191216 16:54:47.529" critical="yes"></status>
</test>
<test id="s1-t2" name="&quot;Team&quot; page should match requirements">
<kw name="Begin Web Test" library="CommonWeb" type="setup">
<kw name="Open Browser" library="SeleniumLibrary">
<doc>Opens a new browser instance to the given ``url``.</doc>
<arguments>
<arg>about:blank</arg>
<arg>${BROWSER}</arg>
</arguments>
<msg timestamp="20191216 16:54:47.531" level="INFO">Opening browser 'chrome' to base url 'about:blank'.</msg>
<status status="PASS" starttime="20191216 16:54:47.531" endtime="20191216 16:54:52.575"></status>
</kw>
<status status="PASS" starttime="20191216 16:54:47.531" endtime="20191216 16:54:52.575"></status>
</kw>
<kw name="Go to Landing Page" library="FrontOfficeApp">
<kw name="Navigate To" library="Landing">
<kw name="Go To" library="SeleniumLibrary">
<doc>Navigates the active browser instance to the provided ``url``.</doc>
<arguments>
<arg>${URL}</arg>
</arguments>
<msg timestamp="20191216 16:54:52.576" level="INFO">Opening url 'http://www.robotframeworktutorial.com/front-office'</msg>
<status status="PASS" starttime="20191216 16:54:52.576" endtime="20191216 16:54:56.127"></status>
</kw>
<status status="PASS" starttime="20191216 16:54:52.576" endtime="20191216 16:54:56.127"></status>
</kw>
<kw name="Verify Page Loaded" library="Landing">
<kw name="Wait Until Page Contains Element" library="SeleniumLibrary">
<doc>Waits until element ``locator`` appears on current page.</doc>
<arguments>
<arg>${LANDING_NAVIGATION_ELEMENT}</arg>
</arguments>
<status status="PASS" starttime="20191216 16:54:56.127" endtime="20191216 16:54:56.141"></status>
</kw>
<status status="PASS" starttime="20191216 16:54:56.127" endtime="20191216 16:54:56.141"></status>
</kw>
<status status="PASS" starttime="20191216 16:54:52.576" endtime="20191216 16:54:56.141"></status>
</kw>
<kw name="Go to &quot;Team&quot; Page" library="FrontOfficeApp">
<kw name="Select &quot;Team&quot; Page" library="TopNav">
<kw name="Click Element" library="SeleniumLibrary">
<doc>Click element identified by ``locator``.</doc>
<arguments>
<arg>${TOP_NAV_TEAM_LINK}</arg>
</arguments>
<msg timestamp="20191216 16:54:56.142" level="INFO">Clicking element 'css=#bs-example-navbar-collapse-1 &gt; ul &gt; li:nth-child(5) &gt; a'.</msg>
<status status="PASS" starttime="20191216 16:54:56.142" endtime="20191216 16:54:56.191"></status>
</kw>
<kw name="Sleep" library="BuiltIn">
<doc>Pauses the test executed for the given time.</doc>
<arguments>
<arg>3s</arg>
</arguments>
<msg timestamp="20191216 16:54:59.191" level="INFO">Slept 3 seconds</msg>
<status status="PASS" starttime="20191216 16:54:56.191" endtime="20191216 16:54:59.191"></status>
</kw>
<status status="PASS" starttime="20191216 16:54:56.141" endtime="20191216 16:54:59.191"></status>
</kw>
<kw name="Verify Page Loaded" library="Team">
<kw name="Wait Until Page Contains Element" library="SeleniumLibrary">
<doc>Waits until element ``locator`` appears on current page.</doc>
<arguments>
<arg>${TEAM_HEADER_LABEL}</arg>
</arguments>
<status status="PASS" starttime="20191216 16:54:59.191" endtime="20191216 16:54:59.201"></status>
</kw>
<status status="PASS" starttime="20191216 16:54:59.191" endtime="20191216 16:54:59.201"></status>
</kw>
<status status="PASS" starttime="20191216 16:54:56.141" endtime="20191216 16:54:59.201"></status>
</kw>
<kw name="Validate &quot;Team&quot; Page" library="FrontOfficeApp">
<kw name="Validate Page Contents" library="Team">
<kw name="Get Text" library="SeleniumLibrary">
<doc>Returns the text value of element identified by ``locator``.</doc>
<arguments>
<arg>${TEAM_HEADER_LABEL}</arg>
</arguments>
<assign>
<var>${ElementText}</var>
</assign>
<msg timestamp="20191216 16:54:59.218" level="INFO">${ElementText} = OUR AMAZING TEAM</msg>
<status status="PASS" starttime="20191216 16:54:59.202" endtime="20191216 16:54:59.218"></status>
</kw>
<kw name="Should Be Equal As Strings" library="BuiltIn">
<doc>Fails if objects are unequal after converting them to strings.</doc>
<arguments>
<arg>${ElementText}</arg>
<arg>Our Amazing Team</arg>
<arg>ignore_case=true</arg>
</arguments>
<status status="PASS" starttime="20191216 16:54:59.218" endtime="20191216 16:54:59.219"></status>
</kw>
<status status="PASS" starttime="20191216 16:54:59.202" endtime="20191216 16:54:59.219"></status>
</kw>
<status status="PASS" starttime="20191216 16:54:59.201" endtime="20191216 16:54:59.219"></status>
</kw>
<kw name="End Web Test" library="CommonWeb" type="teardown">
<kw name="Close All Browsers" library="SeleniumLibrary">
<doc>Closes all open browsers and resets the browser cache.</doc>
<status status="PASS" starttime="20191216 16:54:59.219" endtime="20191216 16:55:01.324"></status>
</kw>
<status status="PASS" starttime="20191216 16:54:59.219" endtime="20191216 16:55:01.324"></status>
</kw>
<doc>This is test 2</doc>
<tags>
<tag>test2</tag>
</tags>
<status status="PASS" starttime="20191216 16:54:47.530" endtime="20191216 16:55:01.325" critical="yes"></status>
</test>
<doc>Talk about what this suite of tests does</doc>
<status status="PASS" starttime="20191216 16:54:32.887" endtime="20191216 16:55:01.326"></status>
</suite>
<statistics>
<total>
<stat pass="2" fail="0">Critical Tests</stat>
<stat pass="2" fail="0">All Tests</stat>
</total>
<tag>
<stat pass="1" fail="0">test1</stat>
<stat pass="1" fail="0">test2</stat>
</tag>
<suite>
<stat pass="2" fail="0" id="s1" name="Front Office">Front Office</stat>
</suite>
</statistics>
<errors>
</errors>
</robot>
