<?xml version="1.0" encoding="UTF-8"?>
<robot generator="Robot 3.1.1 (Python 3.7.4 on win32)" generated="20191210 15:30:24.136" rpa="false">
<suite id="s1" name="Front Office" source="D:\Git\github\Robocap\Robocap\End_to_end\Tests\FrontOffice\Front_Office.robot">
<test id="s1-t1" name="Should be able to access &quot;Team&quot; page">
<kw name="Begin Web Test" library="CommonWeb" type="setup">
<kw name="Open Browser" library="SeleniumLibrary">
<doc>Opens a new browser instance to the given ``url``.</doc>
<arguments>
<arg>about:blank</arg>
<arg>${BROWSER}</arg>
</arguments>
<msg timestamp="20191210 15:30:24.278" level="INFO">Opening browser 'chrome' to base url 'about:blank'.</msg>
<status status="PASS" starttime="20191210 15:30:24.278" endtime="20191210 15:30:29.406"></status>
</kw>
<status status="PASS" starttime="20191210 15:30:24.277" endtime="20191210 15:30:29.406"></status>
</kw>
<kw name="Go to Landing Page" library="FrontOfficeApp">
<kw name="Navigate To" library="Landing">
<kw name="Go To" library="SeleniumLibrary">
<doc>Navigates the active browser instance to the provided ``url``.</doc>
<arguments>
<arg>${URL}</arg>
</arguments>
<msg timestamp="20191210 15:30:29.407" level="INFO">Opening url 'http://www.robotframeworktutorial.com/front-office'</msg>
<status status="PASS" starttime="20191210 15:30:29.407" endtime="20191210 15:30:33.425"></status>
</kw>
<status status="PASS" starttime="20191210 15:30:29.406" endtime="20191210 15:30:33.426"></status>
</kw>
<kw name="Verify Page Loaded" library="Landing">
<kw name="Wait Until Page Contains Element" library="SeleniumLibrary">
<doc>Waits until element ``locator`` appears on current page.</doc>
<arguments>
<arg>${LANDING_NAVIGATION_ELEMENT}</arg>
</arguments>
<status status="PASS" starttime="20191210 15:30:33.428" endtime="20191210 15:30:33.456"></status>
</kw>
<status status="PASS" starttime="20191210 15:30:33.427" endtime="20191210 15:30:33.456"></status>
</kw>
<status status="PASS" starttime="20191210 15:30:29.406" endtime="20191210 15:30:33.456"></status>
</kw>
<kw name="Go to &quot;Team&quot; Page" library="FrontOfficeApp">
<kw name="Select &quot;Team&quot; Page" library="TopNav">
<kw name="Click Element" library="SeleniumLibrary">
<doc>Click element identified by ``locator``.</doc>
<arguments>
<arg>${TOP_NAV_TEAM_LINK}</arg>
</arguments>
<msg timestamp="20191210 15:30:33.457" level="INFO">Clicking element 'css=#bs-example-navbar-collapse-1 &gt; ul &gt; li:nth-child(5) &gt; a'.</msg>
<status status="PASS" starttime="20191210 15:30:33.457" endtime="20191210 15:30:33.509"></status>
</kw>
<kw name="Sleep" library="BuiltIn">
<doc>Pauses the test executed for the given time.</doc>
<arguments>
<arg>3s</arg>
</arguments>
<msg timestamp="20191210 15:30:36.509" level="INFO">Slept 3 seconds</msg>
<status status="PASS" starttime="20191210 15:30:33.509" endtime="20191210 15:30:36.509"></status>
</kw>
<status status="PASS" starttime="20191210 15:30:33.457" endtime="20191210 15:30:36.509"></status>
</kw>
<kw name="Verify Page Loaded" library="Team">
<kw name="Wait Until Page Contains Element" library="SeleniumLibrary">
<doc>Waits until element ``locator`` appears on current page.</doc>
<arguments>
<arg>${TEAM_HEADER_LABEL}</arg>
</arguments>
<status status="PASS" starttime="20191210 15:30:36.509" endtime="20191210 15:30:36.520"></status>
</kw>
<status status="PASS" starttime="20191210 15:30:36.509" endtime="20191210 15:30:36.520"></status>
</kw>
<status status="PASS" starttime="20191210 15:30:33.456" endtime="20191210 15:30:36.520"></status>
</kw>
<kw name="End Web Test" library="CommonWeb" type="teardown">
<kw name="Close All Browsers" library="SeleniumLibrary">
<doc>Closes all open browsers and resets the browser cache.</doc>
<status status="PASS" starttime="20191210 15:30:36.521" endtime="20191210 15:30:38.597"></status>
</kw>
<status status="PASS" starttime="20191210 15:30:36.520" endtime="20191210 15:30:38.597"></status>
</kw>
<doc>This is test 1</doc>
<tags>
<tag>test1</tag>
</tags>
<status status="PASS" starttime="20191210 15:30:24.277" endtime="20191210 15:30:38.597" critical="yes"></status>
</test>
<test id="s1-t2" name="&quot;Team&quot; page should match requirements">
<kw name="Begin Web Test" library="CommonWeb" type="setup">
<kw name="Open Browser" library="SeleniumLibrary">
<doc>Opens a new browser instance to the given ``url``.</doc>
<arguments>
<arg>about:blank</arg>
<arg>${BROWSER}</arg>
</arguments>
<msg timestamp="20191210 15:30:38.600" level="INFO">Opening browser 'chrome' to base url 'about:blank'.</msg>
<status status="PASS" starttime="20191210 15:30:38.599" endtime="20191210 15:30:43.682"></status>
</kw>
<status status="PASS" starttime="20191210 15:30:38.599" endtime="20191210 15:30:43.683"></status>
</kw>
<kw name="Go to Landing Page" library="FrontOfficeApp">
<kw name="Navigate To" library="Landing">
<kw name="Go To" library="SeleniumLibrary">
<doc>Navigates the active browser instance to the provided ``url``.</doc>
<arguments>
<arg>${URL}</arg>
</arguments>
<msg timestamp="20191210 15:30:43.683" level="INFO">Opening url 'http://www.robotframeworktutorial.com/front-office'</msg>
<status status="PASS" starttime="20191210 15:30:43.683" endtime="20191210 15:30:47.246"></status>
</kw>
<status status="PASS" starttime="20191210 15:30:43.683" endtime="20191210 15:30:47.246"></status>
</kw>
<kw name="Verify Page Loaded" library="Landing">
<kw name="Wait Until Page Contains Element" library="SeleniumLibrary">
<doc>Waits until element ``locator`` appears on current page.</doc>
<arguments>
<arg>${LANDING_NAVIGATION_ELEMENT}</arg>
</arguments>
<status status="PASS" starttime="20191210 15:30:47.247" endtime="20191210 15:30:47.258"></status>
</kw>
<status status="PASS" starttime="20191210 15:30:47.246" endtime="20191210 15:30:47.259"></status>
</kw>
<status status="PASS" starttime="20191210 15:30:43.683" endtime="20191210 15:30:47.259"></status>
</kw>
<kw name="Go to &quot;Team&quot; Page" library="FrontOfficeApp">
<kw name="Select &quot;Team&quot; Page" library="TopNav">
<kw name="Click Element" library="SeleniumLibrary">
<doc>Click element identified by ``locator``.</doc>
<arguments>
<arg>${TOP_NAV_TEAM_LINK}</arg>
</arguments>
<msg timestamp="20191210 15:30:47.260" level="INFO">Clicking element 'css=#bs-example-navbar-collapse-1 &gt; ul &gt; li:nth-child(5) &gt; a'.</msg>
<status status="PASS" starttime="20191210 15:30:47.259" endtime="20191210 15:30:47.305"></status>
</kw>
<kw name="Sleep" library="BuiltIn">
<doc>Pauses the test executed for the given time.</doc>
<arguments>
<arg>3s</arg>
</arguments>
<msg timestamp="20191210 15:30:50.306" level="INFO">Slept 3 seconds</msg>
<status status="PASS" starttime="20191210 15:30:47.305" endtime="20191210 15:30:50.306"></status>
</kw>
<status status="PASS" starttime="20191210 15:30:47.259" endtime="20191210 15:30:50.307"></status>
</kw>
<kw name="Verify Page Loaded" library="Team">
<kw name="Wait Until Page Contains Element" library="SeleniumLibrary">
<doc>Waits until element ``locator`` appears on current page.</doc>
<arguments>
<arg>${TEAM_HEADER_LABEL}</arg>
</arguments>
<status status="PASS" starttime="20191210 15:30:50.308" endtime="20191210 15:30:50.320"></status>
</kw>
<status status="PASS" starttime="20191210 15:30:50.307" endtime="20191210 15:30:50.320"></status>
</kw>
<status status="PASS" starttime="20191210 15:30:47.259" endtime="20191210 15:30:50.320"></status>
</kw>
<kw name="Validate &quot;Team&quot; Page" library="FrontOfficeApp">
<kw name="Validate Page Contents" library="Team">
<kw name="Get Text" library="SeleniumLibrary">
<doc>Returns the text value of element identified by ``locator``.</doc>
<arguments>
<arg>${TEAM_HEADER_LABEL}</arg>
</arguments>
<assign>
<var>${ElementText}</var>
</assign>
<msg timestamp="20191210 15:30:50.337" level="INFO">${ElementText} = OUR AMAZING TEAM</msg>
<status status="PASS" starttime="20191210 15:30:50.321" endtime="20191210 15:30:50.337"></status>
</kw>
<kw name="Should Be Equal As Strings" library="BuiltIn">
<doc>Fails if objects are unequal after converting them to strings.</doc>
<arguments>
<arg>${ElementText}</arg>
<arg>Our Amazing Team</arg>
<arg>ignore_case=true</arg>
</arguments>
<status status="PASS" starttime="20191210 15:30:50.338" endtime="20191210 15:30:50.338"></status>
</kw>
<status status="PASS" starttime="20191210 15:30:50.321" endtime="20191210 15:30:50.338"></status>
</kw>
<status status="PASS" starttime="20191210 15:30:50.320" endtime="20191210 15:30:50.338"></status>
</kw>
<kw name="End Web Test" library="CommonWeb" type="teardown">
<kw name="Close All Browsers" library="SeleniumLibrary">
<doc>Closes all open browsers and resets the browser cache.</doc>
<status status="PASS" starttime="20191210 15:30:50.338" endtime="20191210 15:30:52.419"></status>
</kw>
<status status="PASS" starttime="20191210 15:30:50.338" endtime="20191210 15:30:52.420"></status>
</kw>
<doc>This is test 2</doc>
<tags>
<tag>test2</tag>
</tags>
<status status="PASS" starttime="20191210 15:30:38.598" endtime="20191210 15:30:52.420" critical="yes"></status>
</test>
<doc>Talk about what this suite of tests does</doc>
<status status="PASS" starttime="20191210 15:30:24.137" endtime="20191210 15:30:52.422"></status>
</suite>
<statistics>
<total>
<stat pass="2" fail="0">Critical Tests</stat>
<stat pass="2" fail="0">All Tests</stat>
</total>
<tag>
<stat pass="1" fail="0">test1</stat>
<stat pass="1" fail="0">test2</stat>
</tag>
<suite>
<stat pass="2" fail="0" id="s1" name="Front Office">Front Office</stat>
</suite>
</statistics>
<errors>
</errors>
</robot>
