<?xml version="1.0" encoding="UTF-8"?>
<robot generator="Robot 3.1.1 (Python 3.7.4 on win32)" generated="20191216 17:08:15.678" rpa="false">
<suite id="s1" name="Back Office" source="D:\Git\github\Robocap\Robocap\End_to_end\Tests\BackOffice\Back_Office.robot">
<test id="s1-t1" name="Should be able to access landing page">
<kw name="Begin Web Test" library="CommonWeb" type="setup">
<kw name="Open Browser" library="SeleniumLibrary">
<doc>Opens a new browser instance to the given ``url``.</doc>
<arguments>
<arg>about:blank</arg>
<arg>${BROWSER}</arg>
</arguments>
<msg timestamp="20191216 17:08:15.832" level="INFO">Opening browser 'chrome' to base url 'about:blank'.</msg>
<status status="PASS" starttime="20191216 17:08:15.832" endtime="20191216 17:08:20.890"></status>
</kw>
<status status="PASS" starttime="20191216 17:08:15.832" endtime="20191216 17:08:20.890"></status>
</kw>
<kw name="Go to Landing Page" library="BackOfficeApp">
<kw name="Navigate To" library="Landing">
<kw name="Go To" library="SeleniumLibrary">
<doc>Navigates the active browser instance to the provided ``url``.</doc>
<arguments>
<arg>${URL}</arg>
</arguments>
<msg timestamp="20191216 17:08:20.891" level="INFO">Opening url 'http://www.robotframeworktutorial.com/back-office'</msg>
<status status="PASS" starttime="20191216 17:08:20.891" endtime="20191216 17:08:22.703"></status>
</kw>
<status status="PASS" starttime="20191216 17:08:20.891" endtime="20191216 17:08:22.703"></status>
</kw>
<status status="PASS" starttime="20191216 17:08:20.891" endtime="20191216 17:08:22.703"></status>
</kw>
<kw name="End Web Test" library="CommonWeb" type="teardown">
<kw name="Close All Browsers" library="SeleniumLibrary">
<doc>Closes all open browsers and resets the browser cache.</doc>
<status status="PASS" starttime="20191216 17:08:22.704" endtime="20191216 17:08:24.793"></status>
</kw>
<status status="PASS" starttime="20191216 17:08:22.704" endtime="20191216 17:08:24.793"></status>
</kw>
<doc>This is test 1</doc>
<tags>
<tag>test1</tag>
</tags>
<status status="PASS" starttime="20191216 17:08:15.831" endtime="20191216 17:08:24.793" critical="yes"></status>
</test>
<doc>Talk about what this suite of tests does</doc>
<status status="PASS" starttime="20191216 17:08:15.680" endtime="20191216 17:08:24.795"></status>
</suite>
<statistics>
<total>
<stat pass="1" fail="0">Critical Tests</stat>
<stat pass="1" fail="0">All Tests</stat>
</total>
<tag>
<stat pass="1" fail="0">test1</stat>
</tag>
<suite>
<stat pass="1" fail="0" id="s1" name="Back Office">Back Office</stat>
</suite>
</statistics>
<errors>
</errors>
</robot>
