<?xml version="1.0" encoding="UTF-8"?>
<robot generator="Robot 3.1.1 (Python 3.7.4 on win32)" generated="20191010 14:01:08.299" rpa="false">
<suite id="s1" name="Create custom keyword" source="D:\Git\github\Robocap\Robocap\Custom_keyword_demo\Tests\Create_custom_keyword.robot">
<test id="s1-t1" name="Custom keyword demo to print something">
<kw name="Run test to print">
<kw name="Print Something" library="Custom_library">
<msg timestamp="20191010 14:01:08.321" level="INFO">Printing something</msg>
<status status="PASS" starttime="20191010 14:01:08.321" endtime="20191010 14:01:08.321"></status>
</kw>
<status status="PASS" starttime="20191010 14:01:08.321" endtime="20191010 14:01:08.321"></status>
</kw>
<status status="PASS" starttime="20191010 14:01:08.320" endtime="20191010 14:01:08.321" critical="yes"></status>
</test>
<test id="s1-t2" name="Custom keyword demo to return value">
<kw name="Run test to return value">
<kw name="Return Value" library="Custom_library">
<arguments>
<arg>Cat</arg>
</arguments>
<status status="PASS" starttime="20191010 14:01:08.322" endtime="20191010 14:01:08.322"></status>
</kw>
<status status="PASS" starttime="20191010 14:01:08.322" endtime="20191010 14:01:08.322"></status>
</kw>
<status status="PASS" starttime="20191010 14:01:08.322" endtime="20191010 14:01:08.322" critical="yes"></status>
</test>
<test id="s1-t3" name="Custom keyword demo to calculate values">
<kw name="Run test to calculate values">
<kw name="Calculate Values" library="Custom_library">
<arguments>
<arg>5</arg>
<arg>6</arg>
</arguments>
<msg timestamp="20191010 14:01:08.323" level="INFO">11</msg>
<status status="PASS" starttime="20191010 14:01:08.323" endtime="20191010 14:01:08.323"></status>
</kw>
<status status="PASS" starttime="20191010 14:01:08.323" endtime="20191010 14:01:08.323"></status>
</kw>
<status status="PASS" starttime="20191010 14:01:08.323" endtime="20191010 14:01:08.324" critical="yes"></status>
</test>
<status status="PASS" starttime="20191010 14:01:08.300" endtime="20191010 14:01:08.324"></status>
</suite>
<statistics>
<total>
<stat pass="3" fail="0">Critical Tests</stat>
<stat pass="3" fail="0">All Tests</stat>
</total>
<tag>
</tag>
<suite>
<stat pass="3" fail="0" id="s1" name="Create custom keyword">Create custom keyword</stat>
</suite>
</statistics>
<errors>
</errors>
</robot>
