<?xml version="1.0" encoding="UTF-8"?>
<robot generator="Robot 3.1.1 (Python 3.7.4 on win32)" generated="20200209 18:59:08.345" rpa="false">
<suite id="s1" name="XML Training" source="D:\Git\github\Robocap\Robocap\XML_Training\XML_Training.robot">
<test id="s1-t1" name="Read XML file test">
<kw name="Parse">
<kw name="Parse Xml" library="XML">
<doc>Parses the given XML file or string into an element structure.</doc>
<arguments>
<arg>${data_folder}/${data_file}</arg>
</arguments>
<assign>
<var>${parsed_file}</var>
</assign>
<msg timestamp="20200209 18:59:08.384" level="INFO">${parsed_file} = &lt;Element 'breakfast_menu' at 0x04548450&gt;</msg>
<status status="PASS" starttime="20200209 18:59:08.384" endtime="20200209 18:59:08.384"></status>
</kw>
<kw name="Log" library="BuiltIn">
<doc>Logs the given message with the given level.</doc>
<arguments>
<arg>${parsed_file}</arg>
</arguments>
<msg timestamp="20200209 18:59:08.385" level="INFO">&lt;Element 'breakfast_menu' at 0x04548450&gt;</msg>
<status status="PASS" starttime="20200209 18:59:08.385" endtime="20200209 18:59:08.385"></status>
</kw>
<status status="PASS" starttime="20200209 18:59:08.384" endtime="20200209 18:59:08.385"></status>
</kw>
<status status="PASS" starttime="20200209 18:59:08.383" endtime="20200209 18:59:08.385" critical="yes"></status>
</test>
<status status="PASS" starttime="20200209 18:59:08.346" endtime="20200209 18:59:08.385"></status>
</suite>
<statistics>
<total>
<stat pass="1" fail="0">Critical Tests</stat>
<stat pass="1" fail="0">All Tests</stat>
</total>
<tag>
</tag>
<suite>
<stat pass="1" fail="0" id="s1" name="XML Training">XML Training</stat>
</suite>
</statistics>
<errors>
</errors>
</robot>
