<?xml version="1.0" encoding="UTF-8"?>
<robot generator="Robot 3.1.1 (Python 3.7.4 on win32)" generated="20200209 23:07:37.076" rpa="false">
<suite id="s1" name="XML Training" source="D:\Git\github\Robocap\Robocap\XML_Training\XML_Training.robot">
<test id="s1-t1" name="XML File training">
<kw name="Demo1">
<kw name="Parse Xml" library="XML">
<doc>Parses the given XML file or string into an element structure.</doc>
<arguments>
<arg>${data_folder}/${data_file}</arg>
</arguments>
<assign>
<var>${root}</var>
</assign>
<msg timestamp="20200209 23:07:37.123" level="INFO">${root} = &lt;Element 'breakfast_menu' at 0x03A21690&gt;</msg>
<status status="PASS" starttime="20200209 23:07:37.123" endtime="20200209 23:07:37.123"></status>
</kw>
<kw name="Log" library="BuiltIn">
<doc>Logs the given message with the given level.</doc>
<arguments>
<arg>${root.tag}</arg>
</arguments>
<msg timestamp="20200209 23:07:37.124" level="INFO">breakfast_menu</msg>
<status status="PASS" starttime="20200209 23:07:37.123" endtime="20200209 23:07:37.124"></status>
</kw>
<kw name="Should Be Equal" library="BuiltIn">
<doc>Fails if the given objects are unequal.</doc>
<arguments>
<arg>${root.tag}</arg>
<arg>breakfast_menu</arg>
</arguments>
<status status="PASS" starttime="20200209 23:07:37.124" endtime="20200209 23:07:37.124"></status>
</kw>
<kw name="Get Element Text" library="XML">
<doc>Returns all text of the element, possibly whitespace normalized.</doc>
<arguments>
<arg>${root[0]}</arg>
<arg>name</arg>
</arguments>
<assign>
<var>${text}</var>
</assign>
<msg timestamp="20200209 23:07:37.124" level="INFO">${text} = Belgian Waffles</msg>
<status status="PASS" starttime="20200209 23:07:37.124" endtime="20200209 23:07:37.124"></status>
</kw>
<kw name="Log" library="BuiltIn">
<doc>Logs the given message with the given level.</doc>
<arguments>
<arg>${text}</arg>
</arguments>
<msg timestamp="20200209 23:07:37.125" level="INFO">Belgian Waffles</msg>
<status status="PASS" starttime="20200209 23:07:37.124" endtime="20200209 23:07:37.125"></status>
</kw>
<kw name="Set Element Text" library="XML">
<doc>Sets text and/or tail text of the specified element.</doc>
<arguments>
<arg>${root[0]}</arg>
<arg>Cat Waffels</arg>
<arg>xpath=name</arg>
</arguments>
<status status="PASS" starttime="20200209 23:07:37.125" endtime="20200209 23:07:37.125"></status>
</kw>
<kw name="Save Xml" library="XML">
<doc>Saves the given element to the specified file.</doc>
<arguments>
<arg>${root}</arg>
<arg>${data_folder}/Result.xml</arg>
</arguments>
<msg timestamp="20200209 23:07:37.126" level="INFO" html="yes">XML saved to &lt;a href="file://D:\Git\github\Robocap\Robocap\XML_Training\Data\Result.xml"&gt;D:\Git\github\Robocap\Robocap\XML_Training\Data\Result.xml&lt;/a&gt;.</msg>
<status status="PASS" starttime="20200209 23:07:37.125" endtime="20200209 23:07:37.126"></status>
</kw>
<kw name="Get File" library="OperatingSystem">
<doc>Returns the contents of a specified file.</doc>
<arguments>
<arg>${data_folder}/Result.xml</arg>
</arguments>
<assign>
<var>${result}</var>
</assign>
<msg timestamp="20200209 23:07:37.126" level="INFO" html="yes">Getting file '&lt;a href="file://D:\Git\github\Robocap\Robocap\XML_Training\Data\Result.xml"&gt;D:\Git\github\Robocap\Robocap\XML_Training\Data\Result.xml&lt;/a&gt;'.</msg>
<msg timestamp="20200209 23:07:37.126" level="INFO">${result} = &lt;?xml version='1.0' encoding='UTF-8'?&gt;
&lt;breakfast_menu&gt;
    &lt;food&gt;
        &lt;name&gt;Cat Waffels&lt;/name&gt;
        &lt;price&gt;$5.95&lt;/price&gt;
        &lt;description&gt;Two of our famous Belgian Waffles with plenty of r...</msg>
<status status="PASS" starttime="20200209 23:07:37.126" endtime="20200209 23:07:37.126"></status>
</kw>
<kw name="Log" library="BuiltIn">
<doc>Logs the given message with the given level.</doc>
<arguments>
<arg>${result}</arg>
</arguments>
<msg timestamp="20200209 23:07:37.127" level="INFO">&lt;?xml version='1.0' encoding='UTF-8'?&gt;
&lt;breakfast_menu&gt;
    &lt;food&gt;
        &lt;name&gt;Cat Waffels&lt;/name&gt;
        &lt;price&gt;$5.95&lt;/price&gt;
        &lt;description&gt;Two of our famous Belgian Waffles with plenty of real maple syrup&lt;/description&gt;
        &lt;calories&gt;650&lt;/calories&gt;
    &lt;/food&gt;
    &lt;food&gt;
        &lt;name&gt;Strawberry Belgian Waffles&lt;/name&gt;
        &lt;price&gt;$7.95&lt;/price&gt;
        &lt;description&gt;Light Belgian waffles covered with strawberries and whipped cream&lt;/description&gt;
        &lt;calories&gt;900&lt;/calories&gt;
    &lt;/food&gt;
    &lt;food&gt;
        &lt;name&gt;Very-Berry Belgian Waffles&lt;/name&gt;
        &lt;price&gt;$8.95&lt;/price&gt;
        &lt;description&gt;Light Belgian waffles covered with an assortment of fresh berries and whipped cream&lt;/description&gt;
        &lt;calories&gt;900&lt;/calories&gt;
    &lt;/food&gt;
    &lt;food&gt;
        &lt;name&gt;French Toast&lt;/name&gt;
        &lt;price&gt;$4.50&lt;/price&gt;
        &lt;description&gt;Thick slices made from our homemade sourdough bread&lt;/description&gt;
        &lt;calories&gt;600&lt;/calories&gt;
    &lt;/food&gt;
    &lt;food&gt;
        &lt;name&gt;Homestyle Breakfast&lt;/name&gt;
        &lt;price&gt;$6.95&lt;/price&gt;
        &lt;description&gt;Two eggs, bacon or sausage, toast, and our ever-popular hash browns&lt;/description&gt;
        &lt;calories&gt;950&lt;/calories&gt;
    &lt;/food&gt;
    &lt;food&gt;
        &lt;name&gt;Grilled Cheese Sandwich&lt;/name&gt;
        &lt;price&gt;$2.95&lt;/price&gt;
        &lt;description&gt;Yummy melted cheese on grilled sourdough slices&lt;/description&gt;
        &lt;calories&gt;300&lt;/calories&gt;
    &lt;/food&gt;
&lt;/breakfast_menu&gt;</msg>
<status status="PASS" starttime="20200209 23:07:37.127" endtime="20200209 23:07:37.127"></status>
</kw>
<status status="PASS" starttime="20200209 23:07:37.123" endtime="20200209 23:07:37.127"></status>
</kw>
<kw name="Demo2">
<kw name="Parse Xml" library="XML">
<doc>Parses the given XML file or string into an element structure.</doc>
<arguments>
<arg>${data_folder}/Random_XML.xml</arg>
</arguments>
<assign>
<var>${root}</var>
</assign>
<msg timestamp="20200209 23:07:37.127" level="INFO">${root} = &lt;Element 'demo' at 0x03A2F750&gt;</msg>
<status status="PASS" starttime="20200209 23:07:37.127" endtime="20200209 23:07:37.127"></status>
</kw>
<kw name="Log" library="BuiltIn">
<doc>Logs the given message with the given level.</doc>
<arguments>
<arg>${root.tag}</arg>
</arguments>
<msg timestamp="20200209 23:07:37.128" level="INFO">demo</msg>
<status status="PASS" starttime="20200209 23:07:37.128" endtime="20200209 23:07:37.128"></status>
</kw>
<kw name="Get Element Text" library="XML">
<doc>Returns all text of the element, possibly whitespace normalized.</doc>
<arguments>
<arg>${root}</arg>
<arg>footer[1]</arg>
</arguments>
<assign>
<var>${text}</var>
</assign>
<msg timestamp="20200209 23:07:37.128" level="INFO">${text} = 
  This is just some random data
  This is needed to be changed
</msg>
<status status="PASS" starttime="20200209 23:07:37.128" endtime="20200209 23:07:37.128"></status>
</kw>
<kw name="Log" library="BuiltIn">
<doc>Logs the given message with the given level.</doc>
<arguments>
<arg>${text}</arg>
</arguments>
<msg timestamp="20200209 23:07:37.128" level="INFO">
  This is just some random data
  This is needed to be changed
</msg>
<status status="PASS" starttime="20200209 23:07:37.128" endtime="20200209 23:07:37.128"></status>
</kw>
<status status="PASS" starttime="20200209 23:07:37.127" endtime="20200209 23:07:37.129"></status>
</kw>
<status status="PASS" starttime="20200209 23:07:37.122" endtime="20200209 23:07:37.129" critical="yes"></status>
</test>
<status status="PASS" starttime="20200209 23:07:37.078" endtime="20200209 23:07:37.129"></status>
</suite>
<statistics>
<total>
<stat pass="1" fail="0">Critical Tests</stat>
<stat pass="1" fail="0">All Tests</stat>
</total>
<tag>
</tag>
<suite>
<stat pass="1" fail="0" id="s1" name="XML Training">XML Training</stat>
</suite>
</statistics>
<errors>
</errors>
</robot>
